<?xml version="1.0" encoding="UTF-8"?>
<!-- Generated by org.testng.reporters.JUnitReportReporter -->
<testsuite hostname="LAPTOP-OINAE3OL" failures="0" tests="1" name="restAssuredPractice.SumValidation" time="1.967" errors="0" timestamp="2022-12-01T12:02:19 EST" skipped="0">
  <testcase classname="restAssuredPractice.SumValidation" name="sumOfCourses" time="1.967"/>
  <system-out/>
</testsuite> <!-- restAssuredPractice.SumValidation -->
