<?xml version="1.0" encoding="UTF-8"?>
<!-- Generated by org.testng.reporters.JUnitReportReporter -->
<testsuite hostname="LAPTOP-OINAE3OL" failures="0" tests="3" name="files.DynamicJson" time="5.203" errors="0" timestamp="2022-12-01T21:45:23 EST" skipped="0">
  <testcase classname="files.DynamicJson" name="addbook" time="0.595"/>
  <system-out/>
  <testcase classname="files.DynamicJson" name="addbook" time="0.669"/>
  <system-out/>
  <testcase classname="files.DynamicJson" name="addbook" time="3.939"/>
  <system-out/>
</testsuite> <!-- files.DynamicJson -->
